2024-09-09 19:30:25.145 INFO  [main] top.shy.springboot.logging.Application : Starting Application using Java 17.0.4 with PID 13556 (E:\hou\spring-boot-pratice\spring-boot-logging\target\classes started by 15331 in E:\hou\spring-boot-pratice)
2024-09-09 19:30:25.146 INFO  [main] top.shy.springboot.logging.Application : No active profile set, falling back to 1 default profile: "default"
2024-09-09 19:30:25.755 INFO  [main] org.springframework.boot.web.embedded.tomcat.TomcatWebServer : Tomcat initialized with port 8080 (http)
2024-09-09 19:30:25.768 INFO  [main] org.apache.coyote.http11.Http11NioProtocol : Initializing ProtocolHandler ["http-nio-8080"]
2024-09-09 19:30:25.771 INFO  [main] org.apache.catalina.core.StandardService : Starting service [Tomcat]
2024-09-09 19:30:25.771 INFO  [main] org.apache.catalina.core.StandardEngine : Starting Servlet engine: [Apache Tomcat/10.1.28]
2024-09-09 19:30:25.815 INFO  [main] org.apache.catalina.core.ContainerBase.[Tomcat].[localhost].[/] : Initializing Spring embedded WebApplicationContext
2024-09-09 19:30:25.815 INFO  [main] org.springframework.boot.web.servlet.context.ServletWebServerApplicationContext : Root WebApplicationContext: initialization completed in 641 ms
2024-09-09 19:30:26.034 INFO  [main] org.apache.coyote.http11.Http11NioProtocol : Starting ProtocolHandler ["http-nio-8080"]
2024-09-09 19:30:26.049 INFO  [main] org.springframework.boot.web.embedded.tomcat.TomcatWebServer : Tomcat started on port 8080 (http) with context path '/'
2024-09-09 19:30:26.055 INFO  [main] top.shy.springboot.logging.Application : Started Application in 1.294 seconds (process running for 1.71)
2024-09-09 19:30:32.654 INFO  [http-nio-8080-exec-1] org.apache.tomcat.util.http.parser.Cookie : A cookie header was received [Hm_lvt_0febd9e3cacb3f627ddac64d52caac39=1716689795,1716893386,1717856907] that contained an invalid cookie. That cookie will be ignored.
 Note: further occurrences of this error will be logged at DEBUG level.
2024-09-09 19:30:32.659 INFO  [http-nio-8080-exec-1] org.apache.catalina.core.ContainerBase.[Tomcat].[localhost].[/] : Initializing Spring DispatcherServlet 'dispatcherServlet'
2024-09-09 19:30:32.659 INFO  [http-nio-8080-exec-1] org.springframework.web.servlet.DispatcherServlet : Initializing Servlet 'dispatcherServlet'
2024-09-09 19:30:32.660 INFO  [http-nio-8080-exec-1] org.springframework.web.servlet.DispatcherServlet : Completed initialization in 1 ms
2024-09-09 19:30:32.681 DEBUG [http-nio-8080-exec-1] top.shy.springboot.logging.Controller.LogController : This is a debug log.
2024-09-09 19:30:32.682 INFO  [http-nio-8080-exec-1] top.shy.springboot.logging.Controller.LogController : This is an info log.
2024-09-09 19:30:32.682 WARN  [http-nio-8080-exec-1] top.shy.springboot.logging.Controller.LogController : This is a warning log.
2024-09-09 19:30:32.682 ERROR [http-nio-8080-exec-1] top.shy.springboot.logging.Controller.LogController : This is an error log.
